<?xml version="1.0" encoding="UTF-8"?>
<testng-results ignored="0" total="1" passed="1" failed="0" skipped="0">
  <reporter-output>
  </reporter-output>
  <suite started-at="2020-09-15T10:56:00 IST" name="Default suite" finished-at="2020-09-15T10:56:19 IST" duration-ms="18954">
    <groups>
    </groups>
    <test started-at="2020-09-15T10:56:00 IST" name="Default test" finished-at="2020-09-15T10:56:19 IST" duration-ms="18954">
      <class name="mavenproject.DemoProject.NewTest">
        <test-method is-config="true" signature="beforeMethod()[pri:0, instance:mavenproject.DemoProject.NewTest@7f1302d6]" started-at="2020-09-15T10:56:00 IST" name="beforeMethod" finished-at="2020-09-15T10:56:12 IST" duration-ms="11384" status="PASS">
          <reporter-output>
          </reporter-output>
        </test-method> <!-- beforeMethod -->
        <test-method signature="testcase()[pri:0, instance:mavenproject.DemoProject.NewTest@7f1302d6]" started-at="2020-09-15T10:56:12 IST" name="testcase" finished-at="2020-09-15T10:56:19 IST" duration-ms="7524" status="PASS">
          <reporter-output>
          </reporter-output>
        </test-method> <!-- testcase -->
        <test-method is-config="true" signature="afterMethod()[pri:0, instance:mavenproject.DemoProject.NewTest@7f1302d6]" started-at="2020-09-15T10:56:19 IST" name="afterMethod" finished-at="2020-09-15T10:56:19 IST" duration-ms="0" status="PASS">
          <reporter-output>
          </reporter-output>
        </test-method> <!-- afterMethod -->
      </class> <!-- mavenproject.DemoProject.NewTest -->
    </test> <!-- Default test -->
  </suite> <!-- Default suite -->
</testng-results>
